[38;5;141m> [0m[0m[0m
[0m[0m
I'll start by loading the optimization memory and then systematically analyze and fix all Rust files. Let me begin.[0m[0m
Reading file: [38;5;141m/mnt/c/Users/Joseph/Desktop/realestate/.kiro/optimization-memory.md[0m, all lines[38;5;244m (using tool: read)[0m
[38;5;10m ✓ [0[?25l[0m[?25l[0m[0m[?25l[0m[?25l[0m[0m[?25l[0m[?25l[0m[0m[?25l[0m[?25l[0m[0m[?25l[0m[?25l[0m[0m[?25l[0m[?25l[0m[0m[?25l[0m[?25l[0m[0m[?25l[0m[?25l[0m[0m[?25l[0m[?25l[0m[0m[?25l[0m[?25l[0m[0m[?25l[0m[?25l[0m[0m[?25l[0m[?25l[0m[0m[?25l[0m[?25l[0m[0m[?25l[0m[?25l[0m[0m[?25l[0m[?25l[0m[0m[?25l[0m[?25l[0m[0m[?25l[0m[?25l[0m[0m[?25l[0m[?25l[0m[0m[?25l[0m[?25l[0m[0m[?25l[0m[?25l[0m[0m: Reading directory: [38;5;141m/mnt/c/Users/Joseph/Desktop/realestate/frontend/src[0m
[38;5;10m ✓ [0mSuccessfully read directory [38;5;141m/mnt/c/Users/Joseph/Desktop/realestate/backend/src[0m [38;5;244m(40 entries)[0m

[38;5;10m ✓ [0mSuccessfully read directory [38;5;141m/mnt/c/Users/Joseph/Desktop/realestate/frontend/src[0m [38;5;244m(49 entries)[0m

 ⋮ 

[38;5;244m- [0mSummary: 2 operations processed, 2 successful, 0 failed
[38;5;244m - Completed in 0.730s[0m

[38;5;141m> [0mNow let me read all the key backend service files and the critical frontend files:[0m[0m
Batch fs_read operation with [38;5;141m6[0m operations[38;5;244m (using tool: read)[0m

↱ Operation 1: Reading file: [38;5;141m/mnt/c/Users/Joseph/Desktop/realestate/backend/src/services/dashboard.rs[0m, all lines
↱ Operation 2: Reading file: [38;5;141m/mnt/c/Users/Joseph/Desktop/realestate/backend/src/services/contratos.rs[0m, all lines
↱ Operation 3: Reading file: [38;5;141m/mnt/c/Users/Joseph/Desktop/realestate/backend/src/services/inquilinos.rs[0m, all lines
↱ Operation 4: Reading file: [38;5;141m/mnt/c/Users/Joseph/Desktop/realestate/backend/src/services/pagos.rs[0m, all lines
↱ Operation 5: Reading file: [38;5;141m/mnt/c/Users/Joseph/Desktop/realestate/backend/src/services/propiedades.rs[0m, all lines
↱ Operation 6: Reading file: [38;5;141m/mnt/c/Users/Joseph/Desktop/realestate/backend/src/services/auth.rs[0m, all lines
[38;5;10m ✓ [0mSuccessfully read [38;5;244m1603 bytes[0m from /mnt/c/Users/Joseph/Desktop/realestate/backend/src/services/dashboard.rs

[38;5;10m ✓ [0mSuccessfully read [38;5;244m6291 bytes[0m from /mnt/c/Users/Joseph/Desktop/realestate/backend/src/services/contratos.rs

[38;5;10m ✓ [0mSuccessfully read [38;5;244m4289 bytes[0m from /mnt/c/Users/Joseph/Desktop/realestate/backend/src/services/inquilinos.rs

[38;5;10m ✓ [0mSuccessfully read [38;5;244m4507 bytes[0m from /mnt/c/Users/Joseph/Desktop/realestate/backend/src/services/pagos.rs

[38;5;10m ✓ [0mSuccessfully read [38;5;244m5950 bytes[0m from /mnt/c/Users/Joseph/Desktop/realestate/backend/src/services/propiedades.rs

[38;5;10m ✓ [0mSuccessfully read [38;5;244m5970 bytes[0m from /mnt/c/Users/Joseph/Desktop/realestate/backend/src/services/auth.rs

 ⋮ 

[38;5;244m- [0mSummary: 6 operations processed, 6 successful, 0 failed
[38;5;244m - Completed in 0.122s[0m

[38;5;141m> [0mNow let me read the remaining backend files and the critical frontend files:[0m[0m
Batch fs_read operation with [38;5;141m8[0m operations[38;5;244m (using tool: read)[0m

↱ Operation 1: Reading file: [38;5;141m/mnt/c/Users/Joseph/Desktop/realestate/backend/src/app.rs[0m, all lines
↱ Operation 2: Reading file: [38;5;141m/mnt/c/Users/Joseph/Desktop/realestate/backend/src/errors.rs[0m, all lines
↱ Operation 3: Reading file: [38;5;141m/mnt/c/Users/Joseph/Desktop/realestate/backend/src/handlers/contratos.rs[0m, all lines
↱ Operation 4: Reading file: [38;5;141m/mnt/c/Users/Joseph/Desktop/realestate/backend/src/handlers/inquilinos.rs[0m, all lines
↱ Operation 5: Reading file: [38;5;141m/mnt/c/Users/Joseph/Desktop/realestate/backend/src/handlers/pagos.rs[0m, all lines
↱ Operation 6: Reading file: [38;5;141m/mnt/c/Users/Joseph/Desktop/realestate/backend/src/handlers/dashboard.rs[0m, all lines
↱ Operation 7: Reading file: [38;5;141m/mnt/c/Users/Joseph/Desktop/realestate/backend/src/config.rs[0m, all lines
↱ Operation 8: Reading file: [38;5;141m/mnt/c/Users/Joseph/Desktop/realestate/backend/src/routes.rs[0m, all lines
[38;5;10m ✓ [0mSuccessfully read [38;5;244m1156 bytes[0m from /mnt/c/Users/Joseph/Desktop/realestate/backend/src/app.rs

[38;5;10m ✓ [0mSuccessfully read [38;5;244m3844 bytes[0m from /mnt/c/Users/Joseph/Desktop/realestate/backend/src/errors.rs

[38;5;10m ✓ [0mSuccessfully read [38;5;244m1732 bytes[0m from /mnt/c/Users/Joseph/Desktop/realestate/backend/src/handlers/contratos.rs

[38;5;10m ✓ [0mSuccessfully read [38;5;244m1867 bytes[0m from /mnt/c/Users/Joseph/Desktop/realestate/backend/src/handlers/inquilinos.rs

[38;5;10m ✓ [0mSuccessfully read [38;5;244m1761 bytes[0m from /mnt/c/Users/Joseph/Desktop/realestate/backend/src/handlers/pagos.rs

[38;5;10m ✓ [0mSuccessfully read [38;5;244m386 bytes[0m from /mnt/c/Users/Joseph/Desktop/realestate/backend/src/handlers/dashboard.rs

[38;5;10m ✓ [0mSuccessfully read [38;5;244m3365 bytes[0m from /mnt/c/Users/Joseph/Desktop/realestate/backend/src/config.rs

[38;5;10m ✓ [0mSuccessfully read [38;5;244m2399 bytes[0m from /mnt/c/Users/Joseph/Desktop/realestate/backend/src/routes.rs

 ⋮ 

[38;5;244m- [0mSummary: 8 operations processed, 8 successful, 0 failed
[38;5;244m - Completed in 0.143s[0m

[38;5;141m> [0mNow let me read the frontend files:[0m[0m
Batch fs_read operation with [38;5;141m4[0m operations[38;5;244m (using tool: read)[0m

↱ Operation 1: Reading file: [38;5;141m/mnt/c/Users/Joseph/Desktop/realestate/frontend/src/utils.rs[0m, all lines
↱ Operation 2: Reading file: [38;5;141m/mnt/c/Users/Joseph/Desktop/realestate/frontend/src/services/api.rs[0m, all lines
↱ Operation 3: Reading file: [38;5;141m/mnt/c/Users/Joseph/Desktop/realestate/frontend/src/pages/dashboard.rs[0m, all lines
↱ Operation 4: Reading file: [38;5;141m/mnt/c/Users/Joseph/Desktop/realestate/frontend/src/components/common/toast.rs[0m, all lines
[38;5;10m ✓ [0mSuccessfully read [38;5;244m594 bytes[0m from /mnt/c/Users/Joseph/Desktop/realestate/frontend/src/utils.rs

[38;5;10m ✓ [0mSuccessfully read [38;5;244m4355 bytes[0m from /mnt/c/Users/Joseph/Desktop/realestate/frontend/src/services/api.rs

[38;5;10m ✓ [0mSuccessfully read [38;5;244m16173 bytes[0m from /mnt/c/Users/Joseph/Desktop/realestate/frontend/src/pages/dashboard.rs

[38;5;10m ✓ [0mSuccessfully read [38;5;244m3421 bytes[0m from /mnt/c/Users/Joseph/Desktop/realestate/frontend/src/components/common/toast.rs

 ⋮ 

[38;5;244m- [0mSummary: 4 operations processed, 4 successful, 0 failed
[38;5;244m - Completed in 0.80s[0m

[38;5;141m> [0mNow let me read the frontend pages that have duplicate utility functions:[0m[0m
Batch fs_read operation with [38;5;141m3[0m operations[38;5;244m (using tool: read)[0m

↱ Operation 1: Searching: [38;5;141m/mnt/c/Users/Joseph/Desktop/realestate/frontend/src/pages/contratos.rs[0m for pattern: [38;5;141mfn can_write|fn can_delete|fn format_date_display[0m
↱ Operation 2: Searching: [38;5;141m/mnt/c/Users/Joseph/Desktop/realestate/frontend/src/pages/pagos.rs[0m for pattern: [38;5;141mfn can_write|fn can_delete|fn format_date_display[0m
↱ Operation 3: Searching: [38;5;141m/mnt/c/Users/Joseph/Desktop/realestate/frontend/src/pages/inquilinos.rs[0m for pattern: [38;5;141mfn can_write|fn can_delete|fn format_date_display[0m
[38;5;10m ✓ [0mFound 0 matches for pattern 'fn can_write|fn can_delete|fn format_date_display' in /mnt/c/Users/Joseph/Desktop/realestate/frontend/src/pages/contratos.rs

[38;5;10m ✓ [0mFound 0 matches for pattern 'fn can_write|fn can_delete|fn format_date_display' in /mnt/c/Users/Joseph/Desktop/realestate/frontend/src/pages/pagos.rs

[38;5;10m ✓ [0mFound 0 matches for pattern 'fn can_write|fn can_delete|fn format_date_display' in /mnt/c/Users/Joseph/Desktop/realestate/frontend/src/pages/inquilinos.rs

 ⋮ 

[38;5;244m- [0mSummary: 3 operations processed, 3 successful, 0 failed
[38;5;244m - Completed in 0.52s[0m

[38;5;141m> [0mLet me check if they import from utils or define their own:[0m[0m
Batch fs_read operation with [38;5;141m3[0m operations[38;5;244m (using tool: read)[0m

↱ Operation 1: Searching: [38;5;141m/mnt/c/Users/Joseph/Desktop/realestate/frontend/src/pages/contratos.rs[0m for pattern: [38;5;141mcan_write|can_delete|format_date_display|use crate::utils[0m
↱ Operation 2: Searching: [38;5;141m/mnt/c/Users/Joseph/Desktop/realestate/frontend/src/pages/pagos.rs[0m for pattern: [38;5;141mcan_write|can_delete|format_date_display|use crate::utils[0m
↱ Operation 3: Searching: [38;5;141m/mnt/c/Users/Joseph/Desktop/realestate/frontend/src/pages/inquilinos.rs[0m for pattern: [38;5;141mcan_write|can_delete|format_date_display|use crate::utils[0m
[38;5;10m ✓ [0mFound 0 matches for pattern 'can_write|can_delete|format_date_display|use crate::utils' in /mnt/c/Users/Joseph/Desktop/realestate/frontend/src/pages/contratos.rs

[38;5;10m ✓ [0mFound 0 matches for pattern 'can_write|can_delete|format_date_display|use crate::utils' in /mnt/c/Users/Joseph/Desktop/realestate/frontend/src/pages/pagos.rs

[38;5;10m ✓ [0mFound 0 matches for pattern 'can_write|can_delete|format_date_display|use crate::utils' in /mnt/c/Users/Joseph/Desktop/realestate/frontend/src/pages/inquilinos.rs

 ⋮ 

[38;5;244m- [0mSummary: 3 operations processed, 3 successful, 0 failed
[38;5;244m - Completed in 0.54s[0m

[38;5;141m> [0mInteresting — the duplicates may have already been removed or they use inline logic. Let me check the imports and role-checking patterns:[0m[0m
Batch fs_read operation with [38;5;141m3[0m operations[38;5;244m (using tool: read)[0m

↱ Operation 1: Reading file: [38;5;141m/mnt/c/Users/Joseph/Desktop/realestate/frontend/src/pages/contratos.rs[0m, from line [38;5;141m1[0m to [38;5;141m30[0m
↱ Operation 2: Reading file: [38;5;141m/mnt/c/Users/Joseph/Desktop/realestate/frontend/src/pages/pagos.rs[0m, from line [38;5;141m1[0m to [38;5;141m30[0m
↱ Operation 3: Reading file: [38;5;141m/mnt/c/Users/Joseph/Desktop/realestate/frontend/src/pages/inquilinos.rs[0m, from line [38;5;141m1[0m to [38;5;141m30[0m
[38;5;10m ✓ [0mSuccessfully read [38;5;244m1194 bytes[0m from /mnt/c/Users/Joseph/Desktop/realestate/frontend/src/pages/contratos.rs

[38;5;10m ✓ [0mSuccessfully read [38;5;244m1164 bytes[0m from /mnt/c/Users/Joseph/Desktop/realestate/frontend/src/pages/pagos.rs

[38;5;10m ✓ [0mSuccessfully read [38;5;244m965 bytes[0m from /mnt/c/Users/Joseph/Desktop/realestate/frontend/src/pages/inquilinos.rs

 ⋮ 

[38;5;244m- [0mSummary: 3 operations processed, 3 successful, 0 failed
[38;5;244m - Completed in 0.39s[0m

[38;5;141m> [0mThe frontend pages already import from [38;5;10mutils.rs[0m — those duplicate issues were already resolved. Now let me read the models and Cargo.toml to understand the full picture:[0m[0m
Batch fs_read operation with [38;5;141m6[0m operations[38;5;244m (using tool: read)[0m

↱ Operation 1: Reading file: [38;5;141m/mnt/c/Users/Joseph/Desktop/realestate/backend/src/models/mod.rs[0m, all lines
↱ Operation 2: Reading file: [38;5;141m/mnt/c/Users/Joseph/Desktop/realestate/backend/src/models/contrato.rs[0m, all lines
↱ Operation 3: Reading file: [38;5;141m/mnt/c/Users/Joseph/Desktop/realestate/backend/src/models/pago.rs[0m, all lines
↱ Operation 4: Reading file: [38;5;141m/mnt/c/Users/Joseph/Desktop/realestate/backend/src/models/inquilino.rs[0m, all lines
↱ Operation 5: Reading file: [38;5;141m/mnt/c/Users/Joseph/Desktop/realestate/backend/Cargo.toml[0m, all lines
↱ Operation 6: Reading file: [38;5;141m/mnt/c/Users/Joseph/Desktop/realestate/frontend/Cargo.toml[0m, all lines
[38;5;10m ✓ [0mSuccessfully read [38;5;244m304 bytes[0m from /mnt/c/Users/Joseph/Desktop/realestate/backend/src/models/mod.rs

[38;5;10m ✓ [0mSuccessfully read [38;5;244m1106 bytes[0m from /mnt/c/Users/Joseph/Desktop/realestate/backend/src/models/contrato.rs

[38;5;10m ✓ [0mSuccessfully read [38;5;244m1302 bytes[0m from /mnt/c/Users/Joseph/Desktop/realestate/backend/src/models/pago.rs

[38;5;10m ✓ [0mSuccessfully read [38;5;244m1242 bytes[0m from /mnt/c/Users/Joseph/Desktop/realestate/backend/src/models/inquilino.rs

[38;5;10m ✓ [0mSuccessfully read [38;5;244m778 bytes[0m from /mnt/c/Users/Joseph/Desktop/realestate/backend/Cargo.toml

[38;5;10m ✓ [0mSuccessfully read [38;5;244m492 bytes[0m from /mnt/c/Users/Joseph/Desktop/realestate/frontend/Cargo.toml

 ⋮ 

[38;5;244m- [0mSummary: 6 operations processed, 6 successful, 0 failed
[38;5;244m - Completed in 0.64s[0m

[38;5;141m> [0mNow I have a complete picture. Let me analyze what's already been fixed vs what still needs fixing, then read the remaining files I need to modify:[0m[0m
Batch fs_read operation with [38;5;141m4[0m operations[38;5;244m (using tool: read)[0m

↱ Operation 1: Reading file: [38;5;141m/mnt/c/Users/Joseph/Desktop/realestate/backend/src/services/mod.rs[0m, all lines
↱ Operation 2: Reading file: [38;5;141m/mnt/c/Users/Joseph/Desktop/realestate/backend/src/handlers/mod.rs[0m, all lines
↱ Operation 3: Reading file: [38;5;141m/mnt/c/Users/Joseph/Desktop/realestate/backend/src/main.rs[0m, all lines
↱ Operation 4: Reading file: [38;5;141m/mnt/c/Users/Joseph/Desktop/realestate/backend/src/handlers/propiedades.rs[0m, all lines
[38;5;10m ✓ [0mSuccessfully read [38;5;244m107 bytes[0m from /mnt/c/Users/Joseph/Desktop/realestate/backend/src/services/mod.rs

[38;5;10m ✓ [0mSuccessfully read [38;5;244m107 bytes[0m from /mnt/c/Users/Joseph/Desktop/realestate/backend/src/handlers/mod.rs

[38;5;10m ✓ [0mSuccessfully read [38;5;244m1021 bytes[0m from /mnt/c/Users/Joseph/Desktop/realestate/backend/src/main.rs

[38;5;10m ✓ [0mSuccessfully read [38;5;244m1839 bytes[0m from /mnt/c/Users/Joseph/Desktop/realestate/backend/src/handlers/propiedades.rs

 ⋮ 

[38;5;244m- [0mSummary: 4 operations processed, 4 successful, 0 failed
[38;5;244m - Completed in 0.39s[0m

[38;5;141m> [0mNow let me check the CORS config and the [38;5;10mAppConfig[0m to see if there's an [38;5;10mallowed_origins[0m field or env var:[0m[0m
Batch fs_read operation with [38;5;141m3[0m operations[38;5;244m (using tool: read)[0m

↱ Operation 1: Reading file: [38;5;141m/mnt/c/Users/Joseph/Desktop/realestate/.env.example[0m, all lines
↱ Operation 2: Reading file: [38;5;141m/mnt/c/Users/Joseph/Desktop/realestate/backend/src/middleware/auth.rs[0m, all lines
↱ Operation 3: Reading file: [38;5;141m/mnt/c/Users/Joseph/Desktop/realestate/backend/src/middleware/rbac.rs[0m, all lines
[38;5;10m ✓ [0mSuccessfully read [38;5;244m156 bytes[0m from /mnt/c/Users/Joseph/Desktop/realestate/.env.example

[38;5;10m ✓ [0mSuccessfully read [38;5;244m1007 bytes[0m from /mnt/c/Users/Joseph/Desktop/realestate/backend/src/middleware/auth.rs

[38;5;10m ✓ [0mSuccessfully read [38;5;244m2747 bytes[0m from /mnt/c/Users/Joseph/Desktop/realestate/backend/src/middleware/rbac.rs

 ⋮ 

[38;5;244m- [0mSummary: 3 operations processed, 3 successful, 0 failed
[38;5;244m - Completed in 0.22s[0m

[38;5;141m> [0mNow I have a complete picture of the codebase. Let me analyze what needs fixing:[0m[0m
[0m[0m
[1mAlready resolved (from previous optimization pass):[22m[0m[0m
1. ✅ Dashboard already uses SQL aggregation (SUM) instead of fetching all contratos into memory[0m[0m
2. ✅ Dashboard no longer calls [38;5;10mmark_overdue[0m — it's been removed[0m[0m
3. ✅ Contratos create already does single propiedad lookup (no duplicate)[0m[0m
4. ✅ Contratos update no longer does [38;5;10mexisting.clone()[0m — uses field extraction before [38;5;10m.into()[0m[0m[0m
5. ✅ Contratos update now validates overlap when fecha_fin changes[0m[0m
6. ✅ Frontend pages already import from [38;5;10mutils.rs[0m (no duplicates)[0m[0m
7. ✅ Dashboard already uses [38;5;10mfutures::join![0m for parallel API calls[0m[0m
[0m[0m
[1mStill needs fixing:[22m[0m[0m
1. CORS permissive in production[0m[0m
2. Toast timeout leak (no cleanup)[0m[0m
3. API functions share identical logic (can be DRYed with a generic helper)[0m[0m
[0m[0m
Let me also check what the toast component looks like more carefully, and look at the frontend API to plan the refactor:[0m[0m
[0m[0m
Now let me start applying fixes. I'll tackle them one by one.[0m[0m
[0m[0m
[1mFix 1: CORS — make configurable instead of permissive[22m[0m[0m
I'll modify the following file: [38;5;141m.env.example[0m[38;5;244m (using tool: write)[0m
Purpose: Add CORS_ORIGIN env var to .env.example

[49m[39m  1, 1[0m:[39m[49m DATABASE_URL=postgresql://realestate:realestate_dev_password@localhost:5432/realestate
[0m[49m[39m  2, 2[0m:[39m[49m JWT_SECRET=your_jwt_secret_here_change_in_production
[0m[49m[38;5;9m- 3   [0m:[38;5;9m[49m SERVER_PORT=8080
[0m[49m[38;5;10m+    3[0m:[38;5;10m[49m SERVER_PORT=8080
[0m[49m[38;5;10m+    4[0m:[38;5;10m[49m CORS_ORIGIN=http://localhost:8080
[0m[K
Updating: [38;5;141m.env.example[0m
[38;5;244m - Completed in 0.23s[0m

I'll modify the following file: [38;5;141mbackend/src/config.rs[0m[38;5;244m (using tool: write)[0m
Purpose: Add cors_origin field to AppConfig, read from CORS_ORIGIN env var

[49m[39m   1,  1[0m:[39m[49m #[derive(Clone)]
[0m[49m[39m   2,  2[0m:[39m[49m pub struct AppConfig {
[0m[49m[39m   3,  3[0m:[39m[49m     pub database_url: String,
[0m[49m[39m   4,  4[0m:[39m[49m     pub jwt_secret: String,
[0m[49m[39m   5,  5[0m:[39m[49m     pub server_port: u16,
[0m[49m[38;5;10m+      6[0m:[38;5;10m[49m     pub cors_origin: Option<String>,
[0m[49m[39m   6,  7[0m:[39m[49m }
[0m[49m[39m   7,  8[0m:[39m[49m 
[0m[49m[39m   8,  9[0m:[39m[49m impl AppConfig {
[0m[49m[39m   9, 10[0m:[39m[49m     pub fn from_env() -> Result<Self, anyhow::Error> {
[0m[49m[39m  10, 11[0m:[39m[49m         dotenvy::dotenv().ok();
[0m[49m[39m  11, 12[0m:[39m[49m 
[0m[49m[39m  12, 13[0m:[39m[49m         let database_url = std::env::var("DATABASE_URL")
[0m[49m[39m  13, 14[0m:[39m[49m             .map_err(|_| anyhow::anyhow!("DATABASE_URL no está configurado"))?;
[0m[49m[39m  14, 15[0m:[39m[49m 
[0m[49m[39m  15, 16[0m:[39m[49m         let jwt_secret = std::env::var("JWT_SECRET")
[0m[49m[39m  16, 17[0m:[39m[49m             .map_err(|_| anyhow::anyhow!("JWT_SECRET no está configurado"))?;
[0m[49m[39m  17, 18[0m:[39m[49m 
[0m[49m[39m  18, 19[0m:[39m[49m         let server_port = std::env::var("SERVER_PORT")
[0m[49m[39m  19, 20[0m:[39m[49m             .unwrap_or_else(|_| "8080".to_string())
[0m[49m[39m  20, 21[0m:[39m[49m             .parse::<u16>()
[0m[49m[39m  21, 22[0m:[39m[49m             .map_err(|_| anyhow::anyhow!("SERVER_PORT debe ser un número válido"))?;
[0m[49m[39m  22, 23[0m:[39m[49m 
[0m[49m[38;5;10m+     24[0m:[38;5;10m[49m         let cors_origin = std::env::var("CORS_ORIGIN").ok();
[0m[49m[38;5;10m+     25[0m:[38;5;10m[49m 
[0m[49m[39m  23, 26[0m:[39m[49m         Ok(Self {
[0m[49m[39m  24, 27[0m:[39m[49m             database_url,
[0m[49m[39m  25, 28[0m:[39m[49m             jwt_secret,
[0m[49m[39m  26, 29[0m:[39m[49m             server_port,
[0m[49m[38;5;10m+     30[0m:[38;5;10m[49m             cors_origin,
[0m[49m[39m  27, 31[0m:[39m[49m         })
[0m[49m[39m  28, 32[0m:[39m[49m     }
[0m[49m[39m  29, 33[0m:[39m[49m }
[0m[K
Updating: [38;5;141mbackend/src/config.rs[0m
[38;5;244m - Completed in 0.32s[0m

[38;5;141m> [0mNow update the tests to include the new field:[0m[0m
Reading file: [38;5;141m/mnt/c/Users/Joseph/Desktop/realestate/backend/src/config.rs[0m, from line [38;5;141m30[0m to end of file[38;5;244m (using tool: read)[0m
[38;5;10m ✓ [0mSuccessfully read [38;5;244m2570 bytes[0m from /mnt/c/Users/Joseph/Desktop/realestate/backend/src/config.rs
[38;5;244m - Completed in 0.3s[0m

[38;5;141m> [0mI need to update [38;5;10mclear_env_vars[0m to also clear [38;5;10mCORS_ORIGIN[0m:[0m[0m
I'll modify the following file: [38;5;141mbackend/src/config.rs[0m[38;5;244m (using tool: write)[0m
Purpose: Clear CORS_ORIGIN in test cleanup

[49m[39m  43, 43[0m:[39m[49m     unsafe fn clear_env_vars() {
[0m[49m[39m  44, 44[0m:[39m[49m         unsafe {
[0m[49m[39m  45, 45[0m:[39m[49m             env::remove_var("DATABASE_URL");
[0m[49m[39m  46, 46[0m:[39m[49m             env::remove_var("JWT_SECRET");
[0m[49m[39m  47, 47[0m:[39m[49m             env::remove_var("SERVER_PORT");
[0m[49m[38;5;10m+     48[0m:[38;5;10m[49m             env::remove_var("CORS_ORIGIN");
[0m[49m[39m  48, 49[0m:[39m[49m         }
[0m[49m[39m  49, 50[0m:[39m[49m     }
[0m[K
Updating: [38;5;141mbackend/src/config.rs[0m
[38;5;244m - Completed in 0.34s[0m

[38;5;141m> [0mNow update [38;5;10mapp.rs[0m to use the configurable CORS:[0m[0m
I'll create the following file: [38;5;141mbackend/src/app.rs[0m[38;5;244m (using tool: write)[0m
Purpose: Replace Cors::permissive() with configurable CORS based on CORS_ORIGIN env var

[49m[39m   1,  1[0m:[39m[49m use actix_cors::Cors;
[0m[49m[39m   2,  2[0m:[39m[49m use actix_web::error::ResponseError;
[0m[49m[38;5;10m+      3[0m:[38;5;10m[49m use actix_web::http::header;
[0m[49m[39m   3,  4[0m:[39m[49m use actix_web::web;
[0m[49m[39m   4,  5[0m:[39m[49m use actix_web::web::JsonConfig;
[0m[49m[39m   5,  6[0m:[39m[49m use sea_orm::DatabaseConnection;
[0m[49m[39m   6,  7[0m:[39m[49m use tracing_actix_web::TracingLogger;
[0m[49m[39m   7,  8[0m:[39m[49m 
[0m[49m[39m   8,  9[0m:[39m[49m use crate::config::AppConfig;
[0m[49m[39m   9, 10[0m:[39m[49m use crate::errors::AppError;
[0m[49m[39m  10, 11[0m:[39m[49m use crate::routes;
[0m[49m[39m  11, 12[0m:[39m[49m 
[0m[49m[38;5;10m+     13[0m:[38;5;10m[49m fn build_cors(config: &AppConfig) -> Cors {
[0m[49m[38;5;10m+     14[0m:[38;5;10m[49m     match config.cors_origin.as_deref() {
[0m[49m[38;5;10m+     15[0m:[38;5;10m[49m         Some(origin) => Cors::default()
[0m[49m[38;5;10m+     16[0m:[38;5;10m[49m             .allowed_origin(origin)
[0m[49m[38;5;10m+     17[0m:[38;5;10m[49m             .allowed_methods(vec!["GET", "POST", "PUT", "DELETE", "OPTIONS"])
[0m[49m[38;5;10m+     18[0m:[38;5;10m[49m             .allowed_headers(vec![header::AUTHORIZATION, header::CONTENT_TYPE])
[0m[49m[38;5;10m+     19[0m:[38;5;10m[49m             .max_age(3600),
[0m[49m[38;5;10m+     20[0m:[38;5;10m[49m         None => Cors::permissive(),
[0m[49m[38;5;10m+     21[0m:[38;5;10m[49m     }
[0m[49m[38;5;10m+     22[0m:[38;5;10m[49m }
[0m[49m[38;5;10m+     23[0m:[38;5;10m[49m 
[0m[49m[39m  12, 24[0m:[39m[49m pub fn create_app(
[0m[49m[39m  13, 25[0m:[39m[49m     db: DatabaseConnection,
[0m[49m[39m  14, 26[0m:[39m[49m     config: AppConfig,
[0m[49m[39m  15, 27[0m:[39m[49m ) -> actix_web::App<
[0m[49m[39m  16, 28[0m:[39m[49m     impl actix_web::dev::ServiceFactory<
[0m[49m[39m  17, 29[0m:[39m[49m         actix_web::dev::ServiceRequest,
[0m[49m[39m  18, 30[0m:[39m[49m         Config = (),
[0m[49m[39m  19, 31[0m:[39m[49m         Response = actix_web::dev::ServiceResponse<impl actix_web::body::MessageBody>,
[0m[49m[39m  20, 32[0m:[39m[49m         Error = actix_web::Error,
[0m[49m[39m  21, 33[0m:[39m[49m         InitError = (),
[0m[49m[39m  22, 34[0m:[39m[49m     >,
[0m[49m[39m  23, 35[0m:[39m[49m > {
[0m[49m[38;5;9m- 24    [0m:[38;5;9m[49m     let cors = Cors::permissive();
[0m[49m[38;5;10m+     36[0m:[38;5;10m[49m     let cors = build_cors(&config);
[0m[49m[39m  25, 37[0m:[39m[49m 
[0m[49m[39m  26, 38[0m:[39m[49m     let json_cfg = JsonConfig::default().error_handler(|err, _req| {
[0m[49m[39m  27, 39[0m:[39m[49m         let message = err.to_string();
[0m[49m[39m  28, 40[0m:[39m[49m         actix_web::error::InternalError::from_response(
[0m[49m[39m  29, 41[0m:[39m[49m             err,
[0m[49m[39m  30, 42[0m:[39m[49m             AppError::Validation(message).error_response(),
[0m[49m[39m  31, 43[0m:[39m[49m         )
[0m[49m[39m  32, 44[0m:[39m[49m         .into()
[0m[49m[39m  33, 45[0m:[39m[49m     });
[0m[49m[39m  34, 46[0m:[39m[49m 
[0m[49m[39m  35, 47[0m:[39m[49m     actix_web::App::new()
[0m[49m[39m  36, 48[0m:[39m[49m         .wrap(TracingLogger::default())
[0m[49m[39m  37, 49[0m:[39m[49m         .wrap(cors)
[0m[49m[39m  38, 50[0m:[39m[49m         .app_data(web::Data::new(db))
[0m[49m[39m  39, 51[0m:[39m[49m         .app_data(web::Data::new(config))
[0m[49m[39m  40, 52[0m:[39m[49m         .app_data(json_cfg)
[0m[49m[39m  41, 53[0m:[39m[49m         .configure(routes::configure)
[0m[49m[39m  42, 54[0m:[39m[49m }
[0m[K
Replacing: [38;5;141mbackend/src/app.rs[0m
[38;5;244m - Completed in 0.40s[0m

[38;5;141m> [0m[1mFix 2: Toast timeout cleanup — use use_effect to properly manage timeouts[22m[0m[0m
I'll create the following file: [38;5;141mfrontend/src/components/common/toast.rs[0m[38;5;244m (using tool: write)[0m
Purpose: Fix toast timeout leak: extract ToastItem component with use_effect_with for proper timeout cleanup on unmount

[49m[39m    1,   1[0m:[39m[49m use gloo_timers::callback::Timeout;
[0m[49m[39m    2,   2[0m:[39m[49m use yew::prelude::*;
[0m[49m[39m    3,   3[0m:[39m[49m 
[0m[49m[39m    4,   4[0m:[39m[49m #[derive(Clone, Debug, PartialEq)]
[0m[49m[39m    5,   5[0m:[39m[49m pub enum ToastKind {
[0m[49m[39m    6,   6[0m:[39m[49m     Success,
[0m[49m[39m    7,   7[0m:[39m[49m     Error,
[0m[49m[39m    8,   8[0m:[39m[49m     Info,
[0m[49m[39m    9,   9[0m:[39m[49m }
[0m[49m[39m   10,  10[0m:[39m[49m 
[0m[49m[39m   11,  11[0m:[39m[49m #[derive(Clone, Debug, PartialEq)]
[0m[49m[39m   12,  12[0m:[39m[49m pub struct ToastMessage {
[0m[49m[39m   13,  13[0m:[39m[49m     pub id: u32,
[0m[49m[39m   14,  14[0m:[39m[49m     pub text: String,
[0m[49m[39m   15,  15[0m:[39m[49m     pub kind: ToastKind,
[0m[49m[39m   16,  16[0m:[39m[49m }
[0m[49m[39m   17,  17[0m:[39m[49m 
[0m[49m[39m   18,  18[0m:[39m[49m pub type ToastContext = UseReducerHandle<ToastState>;
[0m[49m[39m   19,  19[0m:[39m[49m 
[0m[49m[39m   20,  20[0m:[39m[49m #[derive(Clone, Debug, PartialEq, Default)]
[0m[49m[39m   21,  21[0m:[39m[49m pub struct ToastState {
[0m[49m[39m   22,  22[0m:[39m[49m     pub messages: Vec<ToastMessage>,
[0m[49m[39m   23,  23[0m:[39m[49m     next_id: u32,
[0m[49m[39m   24,  24[0m:[39m[49m }
[0m[49m[39m   25,  25[0m:[39m[49m 
[0m[49m[39m   26,  26[0m:[39m[49m pub enum ToastAction {
[0m[49m[39m   27,  27[0m:[39m[49m     Push(String, ToastKind),
[0m[49m[39m   28,  28[0m:[39m[49m     Dismiss(u32),
[0m[49m[39m   29,  29[0m:[39m[49m }
[0m[49m[39m   30,  30[0m:[39m[49m 
[0m[49m[39m   31,  31[0m:[39m[49m impl Reducible for ToastState {
[0m[49m[39m   32,  32[0m:[39m[49m     type Action = ToastAction;
[0m[49m[39m   33,  33[0m:[39m[49m 
[0m[49m[39m   34,  34[0m:[39m[49m     fn reduce(self: std::rc::Rc<Self>, action: Self::Action) -> std::rc::Rc<Self> {
[0m[49m[39m   35,  35[0m:[39m[49m         match action {
[0m[49m[39m   36,  36[0m:[39m[49m             ToastAction::Push(text, kind) => {
[0m[49m[39m   37,  37[0m:[39m[49m                 let mut messages = self.messages.clone();
[0m[49m[39m   38,  38[0m:[39m[49m                 let id = self.next_id;
[0m[49m[39m   39,  39[0m:[39m[49m                 messages.push(ToastMessage { id, text, kind });
[0m[49m[39m   40,  40[0m:[39m[49m                 Self {
[0m[49m[39m   41,  41[0m:[39m[49m                     messages,
[0m[49m[39m   42,  42[0m:[39m[49m                     next_id: id + 1,
[0m[49m[39m   43,  43[0m:[39m[49m                 }
[0m[49m[39m   44,  44[0m:[39m[49m                 .into()
[0m[49m[39m   45,  45[0m:[39m[49m             }
[0m[49m[39m   46,  46[0m:[39m[49m             ToastAction::Dismiss(id) => {
[0m[49m[39m   47,  47[0m:[39m[49m                 let messages = self
[0m[49m[39m   48,  48[0m:[39m[49m                     .messages
[0m[49m[39m   49,  49[0m:[39m[49m                     .iter()
[0m[49m[39m   50,  50[0m:[39m[49m                     .filter(|m| m.id != id)
[0m[49m[39m   51,  51[0m:[39m[49m                     .cloned()
[0m[49m[39m   52,  52[0m:[39m[49m                     .collect();
[0m[49m[39m   53,  53[0m:[39m[49m                 Self {
[0m[49m[39m   54,  54[0m:[39m[49m                     messages,
[0m[49m[39m   55,  55[0m:[39m[49m                     next_id: self.next_id,
[0m[49m[39m   56,  56[0m:[39m[49m                 }
[0m[49m[39m   57,  57[0m:[39m[49m                 .into()
[0m[49m[39m   58,  58[0m:[39m[49m             }
[0m[49m[39m   59,  59[0m:[39m[49m         }
[0m[49m[39m   60,  60[0m:[39m[49m     }
[0m[49m[39m   61,  61[0m:[39m[49m }
[0m[49m[39m   62,  62[0m:[39m[49m 
[0m[49m[39m   63,  63[0m:[39m[49m #[derive(Properties, PartialEq)]
[0m[49m[38;5;10m+       64[0m:[38;5;10m[49m pub struct ToastItemProps {
[0m[49m[38;5;10m+       65[0m:[38;5;10m[49m     pub msg: ToastMessage,
[0m[49m[38;5;10m+       66[0m:[38;5;10m[49m     pub on_dismiss: Callback<u32>,
[0m[49m[38;5;10m+       67[0m:[38;5;10m[49m }
[0m[49m[38;5;10m+       68[0m:[38;5;10m[49m 
[0m[49m[38;5;10m+       69[0m:[38;5;10m[49m #[function_component]
[0m[49m[38;5;10m+       70[0m:[38;5;10m[49m fn ToastItem(props: &ToastItemProps) -> Html {
[0m[49m[38;5;10m+       71[0m:[38;5;10m[49m     let id = props.msg.id;
[0m[49m[38;5;10m+       72[0m:[38;5;10m[49m     let on_dismiss = props.on_dismiss.clone();
[0m[49m[38;5;10m+       73[0m:[38;5;10m[49m 
[0m[49m[38;5;10m+       74[0m:[38;5;10m[49m     // Auto-dismiss with proper cleanup — timeout is dropped when component unmounts
[0m[49m[38;5;10m+       75[0m:[38;5;10m[49m     use_effect_with(id, move |_| {
[0m[49m[38;5;10m+       76[0m:[38;5;10m[49m         let handle = Timeout::new(4_000, move || {
[0m[49m[38;5;10m+       77[0m:[38;5;10m[49m             on_dismiss.emit(id);
[0m[49m[38;5;10m+       78[0m:[38;5;10m[49m         });
[0m[49m[38;5;10m+       79[0m:[38;5;10m[49m         // Return cleanup: dropping Timeout cancels it
[0m[49m[38;5;10m+       80[0m:[38;5;10m[49m         move || drop(handle)
[0m[49m[38;5;10m+       81[0m:[38;5;10m[49m     });
[0m[49m[38;5;10m+       82[0m:[38;5;10m[49m 
[0m[49m[38;5;10m+       83[0m:[38;5;10m[49m     let kind_cls = match props.msg.kind {
[0m[49m[38;5;10m+       84[0m:[38;5;10m[49m         ToastKind::Success => "gi-toast-success",
[0m[49m[38;5;10m+       85[0m:[38;5;10m[49m         ToastKind::Error => "gi-toast-error",
[0m[49m[38;5;10m+       86[0m:[38;5;10m[49m         ToastKind::Info => "gi-toast-info",
[0m[49m[38;5;10m+       87[0m:[38;5;10m[49m     };
[0m[49m[38;5;10m+       88[0m:[38;5;10m[49m     let icon = match props.msg.kind {
[0m[49m[38;5;10m+       89[0m:[38;5;10m[49m         ToastKind::Success => "✓",
[0m[49m[38;5;10m+       90[0m:[38;5;10m[49m         ToastKind::Error => "✕",
[0m[49m[38;5;10m+       91[0m:[38;5;10m[49m         ToastKind::Info => "ℹ",
[0m[49m[38;5;10m+       92[0m:[38;5;10m[49m     };
[0m[49m[38;5;10m+       93[0m:[38;5;10m[49m     let dismiss = {
[0m[49m[38;5;10m+       94[0m:[38;5;10m[49m         let on_dismiss = props.on_dismiss.clone();
[0m[49m[38;5;10m+       95[0m:[38;5;10m[49m         Callback::from(move |_: MouseEvent| on_dismiss.emit(id))
[0m[49m[38;5;10m+       96[0m:[38;5;10m[49m     };
[0m[49m[38;5;10m+       97[0m:[38;5;10m[49m 
[0m[49m[38;5;10m+       98[0m:[38;5;10m[49m     html! {
[0m[49m[38;5;10m+       99[0m:[38;5;10m[49m         <div class={classes!("gi-toast", kind_cls)} role="status">
[0m[49m[38;5;10m+      100[0m:[38;5;10m[49m             <span class="gi-toast-icon">{icon}</span>
[0m[49m[38;5;10m+      101[0m:[38;5;10m[49m             <span class="gi-toast-text">{&props.msg.text}</span>
[0m[49m[38;5;10m+      102[0m:[38;5;10m[49m             <button onclick={dismiss} class="gi-toast-close" aria-label="Cerrar">{"×"}</button>
[0m[49m[38;5;10m+      103[0m:[38;5;10m[49m         </div>
[0m[49m[38;5;10m+      104[0m:[38;5;10m[49m     }
[0m[49m[38;5;10m+      105[0m:[38;5;10m[49m }
[0m[49m[38;5;10m+      106[0m:[38;5;10m[49m 
[0m[49m[38;5;10m+      107[0m:[38;5;10m[49m #[derive(Properties, PartialEq)]
[0m[49m[39m   64, 108[0m:[39m[49m pub struct ToastContainerProps;
[0m[49m[39m   65, 109[0m:[39m[49m 
[0m[49m[39m   66, 110[0m:[39m[49m #[function_component]
[0m[49m[39m   67, 111[0m:[39m[49m pub fn ToastContainer(_props: &ToastContainerProps) -> Html {
[0m[49m[39m   68, 112[0m:[39m[49m     let toasts = use_context::<ToastContext>();
[0m[49m[39m   69, 113[0m:[39m[49m 
[0m[49m[39m   70, 114[0m:[39m[49m     let Some(toasts) = toasts else {
[0m[49m[39m   71, 115[0m:[39m[49m         return html! {};
[0m[49m[39m   72, 116[0m:[39m[49m     };
[0m[49m[39m   73, 117[0m:[39m[49m 
[0m[49m[39m   74, 118[0m:[39m[49m     if toasts.messages.is_empty() {
[0m[49m[39m   75, 119[0m:[39m[49m         return html! {};
[0m[49m[39m   76, 120[0m:[39m[49m     }
[0m[49m[39m   77, 121[0m:[39m[49m 
[0m[49m[38;5;10m+      122[0m:[38;5;10m[49m     let on_dismiss = {
[0m[49m[38;5;10m+      123[0m:[38;5;10m[49m         let toasts = toasts.clone();
[0m[49m[38;5;10m+      124[0m:[38;5;10m[49m         Callback::from(move |id: u32| toasts.dispatch(ToastAction::Dismiss(id)))
[0m[49m[38;5;10m+      125[0m:[38;5;10m[49m     };
[0m[49m[38;5;10m+      126[0m:[38;5;10m[49m 
[0m[49m[39m   78, 127[0m:[39m[49m     html! {
[0m[49m[39m   79, 128[0m:[39m[49m         <div class="gi-toast-container" aria-live="polite">
[0m[49m[39m   80, 129[0m:[39m[49m             { for toasts.messages.iter().map(|msg| {
[0m[49m[38;5;9m-  81     [0m:[38;5;9m[49m                 let toasts = toasts.clone();
[0m[49m[38;5;9m-  82     [0m:[38;5;9m[49m                 let id = msg.id;
[0m[49m[38;5;9m-  83     [0m:[38;5;9m[49m                 let kind_cls = match msg.kind {
[0m[49m[38;5;9m-  84     [0m:[38;5;9m[49m                     ToastKind::Success => "gi-toast-success",
[0m[49m[38;5;9m-  85     [0m:[38;5;9m[49m                     ToastKind::Error => "gi-toast-error",
[0m[49m[38;5;9m-  86     [0m:[38;5;9m[49m                     ToastKind::Info => "gi-toast-info",
[0m[49m[38;5;9m-  87     [0m:[38;5;9m[49m                 };
[0m[49m[38;5;9m-  88     [0m:[38;5;9m[49m                 let icon = match msg.kind {
[0m[49m[38;5;9m-  89     [0m:[38;5;9m[49m                     ToastKind::Success => "✓",
[0m[49m[38;5;9m-  90     [0m:[38;5;9m[49m                     ToastKind::Error => "✕",
[0m[49m[38;5;9m-  91     [0m:[38;5;9m[49m                     ToastKind::Info => "ℹ",
[0m[49m[38;5;9m-  92     [0m:[38;5;9m[49m                 };
[0m[49m[38;5;9m-  93     [0m:[38;5;9m[49m                 let dismiss = {
[0m[49m[38;5;9m-  94     [0m:[38;5;9m[49m                     let toasts = toasts.clone();
[0m[49m[38;5;9m-  95     [0m:[38;5;9m[49m                     Callback::from(move |_: MouseEvent| {
[0m[49m[38;5;9m-  96     [0m:[38;5;9m[49m                         toasts.dispatch(ToastAction::Dismiss(id));
[0m[49m[38;5;9m-  97     [0m:[38;5;9m[49m                     })
[0m[49m[38;5;9m-  98     [0m:[38;5;9m[49m                 };
[0m[49m[38;5;9m-  99     [0m:[38;5;9m[49m                 // Auto-dismiss after 4 seconds
[0m[49m[38;5;9m- 100     [0m:[38;5;9m[49m                 {
[0m[49m[38;5;9m- 101     [0m:[38;5;9m[49m                     let toasts = toasts.clone();
[0m[49m[38;5;9m- 102     [0m:[38;5;9m[49m                     let _ = Timeout::new(4_000, move || {
[0m[49m[38;5;9m- 103     [0m:[38;5;9m[49m                         toasts.dispatch(ToastAction::Dismiss(id));
[0m[49m[38;5;9m- 104     [0m:[38;5;9m[49m                     });
[0m[49m[38;5;9m- 105     [0m:[38;5;9m[49m                 }
[0m[49m[38;5;9m- 106     [0m:[38;5;9m[49m                 html! {
[0m[49m[38;5;9m- 107     [0m:[38;5;9m[49m                     <div class={classes!("gi-toast", kind_cls)} role="status">
[0m[49m[38;5;9m- 108     [0m:[38;5;9m[49m                         <span class="gi-toast-icon">{icon}</span>
[0m[49m[38;5;9m- 109     [0m:[38;5;9m[49m                         <span class="gi-toast-text">{&msg.text}</span>
[0m[49m[38;5;9m- 110     [0m:[38;5;9m[49m                         <button onclick={dismiss} class="gi-toast-close" aria-label="Cerrar">{"×"}</button>
[0m[49m[38;5;9m- 111     [0m:[38;5;9m[49m                     </div>
[0m[49m[38;5;9m- 112     [0m:[38;5;9m[49m                 }
[0m[49m[38;5;10m+      130[0m:[38;5;10m[49m                 html! { <ToastItem msg={msg.clone()} on_dismiss={on_dismiss.clone()} /> }
[0m[49m[39m  113, 131[0m:[39m[49m             })}
[0m[49m[39m  114, 132[0m:[39m[49m         </div>
[0m[49m[39m  115, 133[0m:[39m[49m     }
[0m[49m[39m  116, 134[0m:[39m[49m }
[0m[K
Replacing: [38;5;141mfrontend/src/components/common/toast.rs[0m
[38;5;244m - Completed in 0.63s[0m

[38;5;141m> [0m[1mFix 3: DRY up the frontend API functions with a generic request helper[22m[0m[0m
I'll create the following file: [38;5;141mfrontend/src/services/api.rs[0m[38;5;244m (using tool: write)[0m
Purpose: DRY up API functions: extract shared send_request helper, eliminating ~80 lines of duplicated request/response/auth logic

[49m[38;5;9m-   1    [0m:[38;5;9m[49m use gloo_net::http::Request;
[0m[49m[38;5;10m+       1[0m:[38;5;10m[49m use gloo_net::http::{Method, Request};
[0m[49m[39m    2,  2[0m:[39m[49m use serde::{Serialize, de::DeserializeOwned};
[0m[49m[39m    3,  3[0m:[39m[49m use web_sys::window;
[0m[49m[39m    4,  4[0m:[39m[49m 
[0m[49m[39m    5,  5[0m:[39m[49m pub const BASE_URL: &str = "http://localhost:3000/api";
[0m[49m[39m    6,  6[0m:[39m[49m const TOKEN_KEY: &str = "jwt_token";
[0m[49m[39m    7,  7[0m:[39m[49m 
[0m[49m[39m    8,  8[0m:[39m[49m fn get_token() -> Option<String> {
[0m[49m[39m    9,  9[0m:[39m[49m     window()?
[0m[49m[39m   10, 10[0m:[39m[49m         .local_storage()
[0m[49m[39m   11, 11[0m:[39m[49m         .ok()
[0m[49m[39m   12, 12[0m:[39m[49m         .flatten()?
[0m[49m[39m   13, 13[0m:[39m[49m         .get_item(TOKEN_KEY)
[0m[49m[39m   14, 14[0m:[39m[49m         .ok()
[0m[49m[39m   15, 15[0m:[39m[49m         .flatten()
[0m[49m[39m   16, 16[0m:[39m[49m }
[0m[49m[39m   17, 17[0m:[39m[49m 
[0m[49m[39m   18, 18[0m:[39m[49m fn clear_token_and_redirect() {
[0m[49m[39m   19, 19[0m:[39m[49m     if let Some(win) = window() {
[0m[49m[39m   20, 20[0m:[39m[49m         if let Ok(Some(storage)) = win.local_storage() {
[0m[49m[39m   21, 21[0m:[39m[49m             let _ = storage.remove_item(TOKEN_KEY);
[0m[49m[39m   22, 22[0m:[39m[49m         }
[0m[49m[39m   23, 23[0m:[39m[49m         let _ = win.location().set_href("/");
[0m[49m[39m   24, 24[0m:[39m[49m     }
[0m[49m[39m   25, 25[0m:[39m[49m }
[0m[49m[39m   26, 26[0m:[39m[49m 
[0m[49m[38;5;9m-  27    [0m:[38;5;9m[49m fn handle_unauthorized(status: u16) -> bool {
[0m[49m[38;5;9m-  28    [0m:[38;5;9m[49m     if status == 401 {
[0m[49m[38;5;9m-  29    [0m:[38;5;9m[49m         clear_token_and_redirect();
[0m[49m[38;5;9m-  30    [0m:[38;5;9m[49m         true
[0m[49m[38;5;9m-  31    [0m:[38;5;9m[49m     } else {
[0m[49m[38;5;9m-  32    [0m:[38;5;9m[49m         false
[0m[49m[38;5;9m-  33    [0m:[38;5;9m[49m     }
[0m[49m[38;5;9m-  34    [0m:[38;5;9m[49m }
[0m[49m[38;5;9m-  35    [0m:[38;5;9m[49m 
[0m[49m[38;5;9m-  36    [0m:[38;5;9m[49m pub async fn api_get<T: DeserializeOwned>(path: &str) -> Result<T, String> {
[0m[49m[38;5;10m+      27[0m:[38;5;10m[49m async fn send_request(method: Method, path: &str, body: Option<String>) -> Result<gloo_net::http::Response, String> {
[0m[49m[39m   37, 28[0m:[39m[49m     let url = format!("{BASE_URL}{path}");
[0m[49m[38;5;9m-  38    [0m:[38;5;9m[49m     let mut builder = Request::get(&url);
[0m[49m[38;5;10m+      29[0m:[38;5;10m[49m     let mut builder = Request::new(&url).method(method);
[0m[49m[39m   39, 30[0m:[39m[49m 
[0m[49m[39m   40, 31[0m:[39m[49m     if let Some(token) = get_token() {
[0m[49m[39m   41, 32[0m:[39m[49m         builder = builder.header("Authorization", &format!("Bearer {token}"));
[0m[49m[39m   42, 33[0m:[39m[49m     }
[0m[49m[38;5;10m+      34[0m:[38;5;10m[49m     if body.is_some() {
[0m[49m[38;5;10m+      35[0m:[38;5;10m[49m         builder = builder.header("Content-Type", "application/json");
[0m[49m[38;5;10m+      36[0m:[38;5;10m[49m     }
[0m[49m[39m   43, 37[0m:[39m[49m 
[0m[49m[38;5;9m-  44    [0m:[38;5;9m[49m     let response = builder
[0m[49m[38;5;9m-  45    [0m:[38;5;9m[49m         .send()
[0m[49m[38;5;9m-  46    [0m:[38;5;9m[49m         .await
[0m[49m[38;5;9m-  47    [0m:[38;5;9m[49m         .map_err(|err| format!("Error de red: {err}"))?;
[0m[49m[38;5;10m+      38[0m:[38;5;10m[49m     let response = match body {
[0m[49m[38;5;10m+      39[0m:[38;5;10m[49m         Some(json) => builder.body(json).map_err(|e| format!("Error al serializar datos: {e}"))?.send().await,
[0m[49m[38;5;10m+      40[0m:[38;5;10m[49m         None => builder.send().await,
[0m[49m[38;5;10m+      41[0m:[38;5;10m[49m     };
[0m[49m[39m   48, 42[0m:[39m[49m 
[0m[49m[38;5;9m-  49    [0m:[38;5;9m[49m     if handle_unauthorized(response.status()) {
[0m[49m[38;5;10m+      43[0m:[38;5;10m[49m     let response = response.map_err(|e| format!("Error de red: {e}"))?;
[0m[49m[38;5;10m+      44[0m:[38;5;10m[49m 
[0m[49m[38;5;10m+      45[0m:[38;5;10m[49m     if response.status() == 401 {
[0m[49m[38;5;10m+      46[0m:[38;5;10m[49m         clear_token_and_redirect();
[0m[49m[39m   50, 47[0m:[39m[49m         return Err("Sesión expirada. Redirigiendo al inicio de sesión.".into());
[0m[49m[39m   51, 48[0m:[39m[49m     }
[0m[49m[39m   52, 49[0m:[39m[49m 
[0m[49m[39m   53, 50[0m:[39m[49m     if !response.ok() {
[0m[49m[38;5;9m-  54    [0m:[38;5;9m[49m         let text = response
[0m[49m[38;5;9m-  55    [0m:[38;5;9m[49m             .text()
[0m[49m[38;5;9m-  56    [0m:[38;5;9m[49m             .await
[0m[49m[38;5;9m-  57    [0m:[38;5;9m[49m             .unwrap_or_else(|_| "Error desconocido".into());
[0m[49m[38;5;10m+      51[0m:[38;5;10m[49m         let text = response.text().await.unwrap_or_else(|_| "Error desconocido".into());
[0m[49m[39m   58, 52[0m:[39m[49m         return Err(text);
[0m[49m[39m   59, 53[0m:[39m[49m     }
[0m[49m[39m   60, 54[0m:[39m[49m 
[0m[49m[38;5;9m-  61    [0m:[38;5;9m[49m     response
[0m[49m[38;5;9m-  62    [0m:[38;5;9m[49m         .json::<T>()
[0m[49m[38;5;9m-  63    [0m:[38;5;9m[49m         .await
[0m[49m[38;5;9m-  64    [0m:[38;5;9m[49m         .map_err(|err| format!("Error al procesar respuesta: {err}"))
[0m[49m[38;5;10m+      55[0m:[38;5;10m[49m     Ok(response)
[0m[49m[39m   65, 56[0m:[39m[49m }
[0m[49m[38;5;9m-  66    [0m:[38;5;9m[49m 
[0m[49m[38;5;9m-  67    [0m:[38;5;9m[49m pub async fn api_post<T: DeserializeOwned, B: Serialize>(
[0m[49m[38;5;9m-  68    [0m:[38;5;9m[49m     path: &str,
[0m[49m[38;5;9m-  69    [0m:[38;5;9m[49m     body: &B,
[0m[49m[38;5;9m-  70    [0m:[38;5;9m[49m ) -> Result<T, String> {
[0m[49m[38;5;9m-  71    [0m:[38;5;9m[49m     let url = format!("{BASE_URL}{path}");
[0m[49m[38;5;9m-  72    [0m:[38;5;9m[49m     let mut builder = Request::post(&url).header("Content-Type", "application/json");
[0m[49m[39m   73, 57[0m:[39m[49m 
[0m[49m[38;5;9m-  74    [0m:[38;5;9m[49m     if let Some(token) = get_token() {
[0m[49m[38;5;9m-  75    [0m:[38;5;9m[49m         builder = builder.header("Authorization", &format!("Bearer {token}"));
[0m[49m[38;5;9m-  76    [0m:[38;5;9m[49m     }
[0m[49m[38;5;9m-  77    [0m:[38;5;9m[49m 
[0m[49m[38;5;9m-  78    [0m:[38;5;9m[49m     let response = builder
[0m[49m[38;5;9m-  79    [0m:[38;5;9m[49m         .json(body)
[0m[49m[38;5;9m-  80    [0m:[38;5;9m[49m         .map_err(|err| format!("Error al serializar datos: {err}"))?
[0m[49m[38;5;9m-  81    [0m:[38;5;9m[49m         .send()
[0m[49m[38;5;10m+      58[0m:[38;5;10m[49m pub async fn api_get<T: DeserializeOwned>(path: &str) -> Result<T, String> {
[0m[49m[38;5;10m+      59[0m:[38;5;10m[49m     send_request(Method::GET, path, None)
[0m[49m[38;5;10m+      60[0m:[38;5;10m[49m         .await?
[0m[49m[38;5;10m+      61[0m:[38;5;10m[49m         .json::<T>()
[0m[49m[39m   82, 62[0m:[39m[49m         .await
[0m[49m[38;5;9m-  83    [0m:[38;5;9m[49m         .map_err(|err| format!("Error de red: {err}"))?;
[0m[49m[38;5;9m-  84    [0m:[38;5;9m[49m 
[0m[49m[38;5;9m-  85    [0m:[38;5;9m[49m     if handle_unauthorized(response.status()) {
[0m[49m[38;5;9m-  86    [0m:[38;5;9m[49m         return Err("Sesión expirada. Redirigiendo al inicio de sesión.".into());
[0m[49m[38;5;9m-  87    [0m:[38;5;9m[49m     }
[0m[49m[38;5;9m-  88    [0m:[38;5;9m[49m 
[0m[49m[38;5;9m-  89    [0m:[38;5;9m[49m     if !response.ok() {
[0m[49m[38;5;9m-  90    [0m:[38;5;9m[49m         let text = response
[0m[49m[38;5;9m-  91    [0m:[38;5;9m[49m             .text()
[0m[49m[38;5;9m-  92    [0m:[38;5;9m[49m             .await
[0m[49m[38;5;9m-  93    [0m:[38;5;9m[49m             .unwrap_or_else(|_| "Error desconocido".into());
[0m[49m[38;5;9m-  94    [0m:[38;5;9m[49m         return Err(text);
[0m[49m[38;5;9m-  95    [0m:[38;5;9m[49m     }
[0m[49m[38;5;10m+      63[0m:[38;5;10m[49m         .map_err(|e| format!("Error al procesar respuesta: {e}"))
[0m[49m[38;5;10m+      64[0m:[38;5;10m[49m }
[0m[49m[39m   96, 65[0m:[39m[49m 
[0m[49m[38;5;9m-  97    [0m:[38;5;9m[49m     response
[0m[49m[38;5;10m+      66[0m:[38;5;10m[49m pub async fn api_post<T: DeserializeOwned, B: Serialize>(path: &str, body: &B) -> Result<T, String> {
[0m[49m[38;5;10m+      67[0m:[38;5;10m[49m     let json = serde_json::to_string(body).map_err(|e| format!("Error al serializar datos: {e}"))?;
[0m[49m[38;5;10m+      68[0m:[38;5;10m[49m     send_request(Method::POST, path, Some(json))
[0m[49m[38;5;10m+      69[0m:[38;5;10m[49m         .await?
[0m[49m[39m   98, 70[0m:[39m[49m         .json::<T>()
[0m[49m[39m   99, 71[0m:[39m[49m         .await
[0m[49m[38;5;9m- 100    [0m:[38;5;9m[49m         .map_err(|err| format!("Error al procesar respuesta: {err}"))
[0m[49m[38;5;10m+      72[0m:[38;5;10m[49m         .map_err(|e| format!("Error al procesar respuesta: {e}"))
[0m[49m[39m  101, 73[0m:[39m[49m }
[0m[49m[39m  102, 74[0m:[39m[49m 
[0m[49m[39m  103, 75[0m:[39m[49m pub async fn api_put<T: DeserializeOwned, B: Serialize>(path: &str, body: &B) -> Result<T, String> {
[0m[49m[38;5;9m- 104    [0m:[38;5;9m[49m     let url = format!("{BASE_URL}{path}");
[0m[49m[38;5;9m- 105    [0m:[38;5;9m[49m     let mut builder = Request::put(&url).header("Content-Type", "application/json");
[0m[49m[38;5;9m- 106    [0m:[38;5;9m[49m 
[0m[49m[38;5;9m- 107    [0m:[38;5;9m[49m     if let Some(token) = get_token() {
[0m[49m[38;5;9m- 108    [0m:[38;5;9m[49m         builder = builder.header("Authorization", &format!("Bearer {token}"));
[0m[49m[38;5;9m- 109    [0m:[38;5;9m[49m     }
[0m[49m[38;5;9m- 110    [0m:[38;5;9m[49m 
[0m[49m[38;5;9m- 111    [0m:[38;5;9m[49m     let response = builder
[0m[49m[38;5;9m- 112    [0m:[38;5;9m[49m         .json(body)
[0m[49m[38;5;9m- 113    [0m:[38;5;9m[49m         .map_err(|err| format!("Error al serializar datos: {err}"))?
[0m[49m[38;5;9m- 114    [0m:[38;5;9m[49m         .send()
[0m[49m[38;5;9m- 115    [0m:[38;5;9m[49m         .await
[0m[49m[38;5;9m- 116    [0m:[38;5;9m[49m         .map_err(|err| format!("Error de red: {err}"))?;
[0m[49m[38;5;9m- 117    [0m:[38;5;9m[49m 
[0m[49m[38;5;9m- 118    [0m:[38;5;9m[49m     if handle_unauthorized(response.status()) {
[0m[49m[38;5;9m- 119    [0m:[38;5;9m[49m         return Err("Sesión expirada. Redirigiendo al inicio de sesión.".into());
[0m[49m[38;5;9m- 120    [0m:[38;5;9m[49m     }
[0m[49m[38;5;9m- 121    [0m:[38;5;9m[49m 
[0m[49m[38;5;9m- 122    [0m:[38;5;9m[49m     if !response.ok() {
[0m[49m[38;5;9m- 123    [0m:[38;5;9m[49m         let text = response
[0m[49m[38;5;9m- 124    [0m:[38;5;9m[49m             .text()
[0m[49m[38;5;9m- 125    [0m:[38;5;9m[49m             .await
[0m[49m[38;5;9m- 126    [0m:[38;5;9m[49m             .unwrap_or_else(|_| "Error desconocido".into());
[0m[49m[38;5;9m- 127    [0m:[38;5;9m[49m         return Err(text);
[0m[49m[38;5;9m- 128    [0m:[38;5;9m[49m     }
[0m[49m[38;5;9m- 129    [0m:[38;5;9m[49m 
[0m[49m[38;5;9m- 130    [0m:[38;5;9m[49m     response
[0m[49m[38;5;10m+      76[0m:[38;5;10m[49m     let json = serde_json::to_string(body).map_err(|e| format!("Error al serializar datos: {e}"))?;
[0m[49m[38;5;10m+      77[0m:[38;5;10m[49m     send_request(Method::PUT, path, Some(json))
[0m[49m[38;5;10m+      78[0m:[38;5;10m[49m         .await?
[0m[49m[39m  131, 79[0m:[39m[49m         .json::<T>()
[0m[49m[39m  132, 80[0m:[39m[49m         .await
[0m[49m[38;5;9m- 133    [0m:[38;5;9m[49m         .map_err(|err| format!("Error al procesar respuesta: {err}"))
[0m[49m[38;5;10m+      81[0m:[38;5;10m[49m         .map_err(|e| format!("Error al procesar respuesta: {e}"))
[0m[49m[39m  134, 82[0m:[39m[49m }
[0m[49m[39m  135, 83[0m:[39m[49m 
[0m[49m[39m  136, 84[0m:[39m[49m pub async fn api_delete(path: &str) -> Result<(), String> {
[0m[49m[38;5;9m- 137    [0m:[38;5;9m[49m     let url = format!("{BASE_URL}{path}");
[0m[49m[38;5;9m- 138    [0m:[38;5;9m[49m     let mut builder = Request::delete(&url);
[0m[49m[38;5;9m- 139    [0m:[38;5;9m[49m 
[0m[49m[38;5;9m- 140    [0m:[38;5;9m[49m     if let Some(token) = get_token() {
[0m[49m[38;5;9m- 141    [0m:[38;5;9m[49m         builder = builder.header("Authorization", &format!("Bearer {token}"));
[0m[49m[38;5;9m- 142    [0m:[38;5;9m[49m     }
[0m[49m[38;5;9m- 143    [0m:[38;5;9m[49m 
[0m[49m[38;5;9m- 144    [0m:[38;5;9m[49m     let response = builder
[0m[49m[38;5;9m- 145    [0m:[38;5;9m[49m         .send()
[0m[49m[38;5;9m- 146    [0m:[38;5;9m[49m         .await
[0m[49m[38;5;9m- 147    [0m:[38;5;9m[49m         .map_err(|err| format!("Error de red: {err}"))?;
[0m[49m[38;5;9m- 148    [0m:[38;5;9m[49m 
[0m[49m[38;5;9m- 149    [0m:[38;5;9m[49m     if handle_unauthorized(response.status()) {
[0m[49m[38;5;9m- 150    [0m:[38;5;9m[49m         return Err("Sesión expirada. Redirigiendo al inicio de sesión.".into());
[0m[49m[38;5;9m- 151    [0m:[38;5;9m[49m     }
[0m[49m[38;5;9m- 152    [0m:[38;5;9m[49m 
[0m[49m[38;5;9m- 153    [0m:[38;5;9m[49m     if !response.ok() {
[0m[49m[38;5;9m- 154    [0m:[38;5;9m[49m         let text = response
[0m[49m[38;5;9m- 155    [0m:[38;5;9m[49m             .text()
[0m[49m[38;5;9m- 156    [0m:[38;5;9m[49m             .await
[0m[49m[38;5;9m- 157    [0m:[38;5;9m[49m             .unwrap_or_else(|_| "Error desconocido".into());
[0m[49m[38;5;9m- 158    [0m:[38;5;9m[49m         return Err(text);
[0m[49m[38;5;9m- 159    [0m:[38;5;9m[49m     }
[0m[49m[38;5;9m- 160    [0m:[38;5;9m[49m 
[0m[49m[38;5;10m+      85[0m:[38;5;10m[49m     send_request(Method::DELETE, path, None).await?;
[0m[49m[39m  161, 86[0m:[39m[49m     Ok(())
[0m[49m[39m  162, 87[0m:[39m[49m }
[0m[K
Replacing: [38;5;141mfrontend/src/services/api.rs[0m
[38;5;244m - Completed in 0.96s[0m

[38;5;141m> [0mNow let me run the validation steps. First, let me check if there's a [38;5;10m.env[0m file for the backend to compile against:[0m[0m
I will run the following command: [38;5;141mls -la /mnt/c/Users/Joseph/Desktop/realestate/.env 2>/dev/null; ls -la /mnt/c/Users/Joseph/Desktop/realestate/backend/.env 2>/dev/null; echo "---"; cat /mnt/c/Users/Joseph/Desktop/realestate/Cargo.toml[0m[38;5;244m (using tool: shell)[0m
Purpose: Check for .env file and workspace Cargo.toml

-rwxrwxrwx 1 jperez jperez 159 Apr  9 19:25 /mnt/c/Users/Joseph/Desktop/realestate/.env
---
[workspace]
resolver = "3"
members = ["backend", "frontend"]
[38;5;244m - Completed in 0.35s[0m

I will run the following command: [38;5;141mcd /mnt/c/Users/Joseph/Desktop/realestate && cargo fmt --all 2>&1[0m[38;5;244m (using tool: shell)[0m
Purpose: Run cargo fmt on all workspace members

[38;5;244m - Completed in 6.64s[0m

I will run the following command: [38;5;141mcd /mnt/c/Users/Joseph/Desktop/realestate && cargo clippy --all-targets --all-features 2>&1[0m[38;5;244m (using tool: shell)[0m
Purpose: Run cargo clippy to check for warnings

 Downloading crates ...
  Downloaded rand_xorshift v0.4.0
  Downloaded bit-set v0.8.0
  Downloaded wait-timeout v0.2.1
  Downloaded quick-error v1.2.3
  Downloaded unarray v0.1.4
  Downloaded rusty-fork v0.3.1
  Downloaded fastrand v2.4.1
  Downloaded bit-vec v0.8.0
  Downloaded proptest v1.11.0
    Blocking waiting for file lock on build directory
   Compiling serde_core v1.0.228
   Compiling serde v1.0.228
   Compiling serde_json v1.0.149
   Compiling libc v0.2.184
   Compiling wasm-bindgen-shared v0.2.117
    Checking errno v0.3.14
    Checking mio v1.2.0
    Checking socket2 v0.6.3
   Compiling rustversion v1.0.22
   Compiling num-traits v0.2.19
   Compiling typenum v1.19.0
   Compiling generic-array v0.14.7
   Compiling zerocopy v0.8.48
   Compiling syn v2.0.117
    Checking bitflags v2.11.0
    Checking getrandom v0.4.2
   Compiling icu_properties_data v2.2.0
   Compiling icu_normalizer_data v2.2.0
    Checking getrandom v0.2.17
   Compiling getrandom v0.3.4
   Compiling crossbeam-utils v0.8.21
   Compiling libm v0.2.16
    Checking signal-hook-registry v1.4.8
   Compiling thiserror v2.0.18
    Checking rand_core v0.6.4
   Compiling bigdecimal v0.4.10
   Compiling crc32fast v1.5.0
    Checking rand_core v0.9.5
   Compiling httparse v1.10.1
   Compiling proc-macro2-diagnostics v0.10.1
   Compiling proc-macro-error-attr2 v2.0.0
    Checking concurrent-queue v2.5.0
    Checking crossbeam-queue v0.3.12
   Compiling proc-macro-error-attr v1.0.4
   Compiling cookie v0.16.2
    Checking socket2 v0.5.10
    Checking flate2 v1.1.9
   Compiling jobserver v0.1.34
    Checking event-listener v5.4.1
    Checking num-integer v0.1.46
    Checking atoi v2.0.0
    Checking ordered-float v4.6.0
   Compiling proc-macro-error v1.0.4
   Compiling rustix v1.1.4
    Checking password-hash v0.5.0
   Compiling anyhow v1.0.102
   Compiling cc v1.2.59
    Checking num-bigint v0.4.6
    Checking linux-raw-sys v0.12.1
    Checking crypto-common v0.1.7
    Checking block-buffer v0.10.4
    Checking fastrand v2.4.1
    Checking wait-timeout v0.2.1
    Checking bit-vec v0.8.0
    Checking deranged v0.5.8
    Checking uuid v1.23.0
    Checking quick-error v1.2.3
    Checking rand_xorshift v0.4.0
    Checking digest v0.10.7
    Checking unarray v0.1.4
    Checking bit-set v0.8.0
    Checking hmac v0.12.1
    Checking sha2 v0.10.9
    Checking md-5 v0.10.6
    Checking sha1 v0.10.6
    Checking blake2 v0.10.6
    Checking hkdf v0.12.4
    Checking argon2 v0.5.3
    Checking time v0.3.47
   Compiling synstructure v0.13.2
   Compiling wasm-bindgen-macro-support v0.2.117
   Compiling darling_core v0.20.11
   Compiling prettyplease v0.2.37
   Compiling ring v0.17.14
   Compiling zstd-sys v2.0.16+zstd.1.5.7
   Compiling actix-router v0.5.4
    Checking ppv-lite86 v0.2.21
    Checking rand_chacha v0.9.0
    Checking rand_chacha v0.3.1
   Compiling serde_derive v1.0.228
   Compiling futures-macro v0.3.32
   Compiling tokio-macros v2.7.0
   Compiling tracing-attributes v0.1.31
   Compiling zerofrom-derive v0.1.7
   Compiling yoke-derive v0.8.2
   Compiling zerovec-derive v0.11.3
   Compiling displaydoc v0.2.5
   Compiling thiserror-impl v1.0.69
   Compiling pin-project-internal v1.1.11
   Compiling wasm-bindgen v0.2.117
   Compiling thiserror-impl v2.0.18
    Checking rand v0.9.2
   Compiling darling_macro v0.20.11
   Compiling derive_more-impl v2.1.1
   Compiling wasm-bindgen-macro v0.2.117
    Checking rand v0.8.5
   Compiling inherent v1.0.13
   Compiling proc-macro-error2 v2.0.1
   Compiling sea-bae v0.2.1
    Checking futures-util v0.3.32
    Checking futures-executor v0.3.32
    Checking futures v0.3.32
   Compiling actix-web-codegen v4.3.0
   Compiling actix-macros v0.2.4
   Compiling ouroboros_macro v0.18.5
   Compiling rustls v0.23.37
   Compiling clap_derive v4.6.0
    Checking rustls-webpki v0.103.10
